<?xml version="1.0" encoding="UTF-8"?><testsuite failures="1" name="cucumber.runtime.formatter.JUnitFormatter" skipped="0" tests="1" time="30.223803">
<testcase classname="Obtener el ISBN del libro" name="Consultar el web service para obtener los datos de un libro por el ISBN" time="30.223803">
<failure message="java.lang.AssertionError: 1 expectation failed.&#10;JSON path items.volumeInfo.title doesn't match.&#10;Expected: iterable over [&quot;Steve Jobs&quot;, &quot; El libro de Steve Jobs&quot;] in any order&#10;  Actual: [Steve Jobs, El libro de Steve Jobs]&#10;&#13;&#10;&#9;at sun.reflect.NativeConstructorAccessorImpl.newInstance0(Native Method)&#13;&#10;&#9;at sun.reflect.NativeConstructorAccessorImpl.newInstance(NativeConstructorAccessorImpl.java:62)&#13;&#10;&#9;at sun.reflect.DelegatingConstructorAccessorImpl.newInstance(DelegatingConstructorAccessorImpl.java:45)&#13;&#10;&#9;at java.lang.reflect.Constructor.newInstance(Constructor.java:423)&#13;&#10;&#9;at org.codehaus.groovy.reflection.CachedConstructor.invoke(CachedConstructor.java:83)&#13;&#10;&#9;at org.codehaus.groovy.reflection.CachedConstructor.doConstructorInvoke(CachedConstructor.java:77)&#13;&#10;&#9;at org.codehaus.groovy.runtime.callsite.ConstructorSite$ConstructorSiteNoUnwrap.callConstructor(ConstructorSite.java:84)&#13;&#10;&#9;at org.codehaus.groovy.runtime.callsite.CallSiteArray.defaultCallConstructor(CallSiteArray.java:60)&#13;&#10;&#9;at org.codehaus.groovy.runtime.callsite.AbstractCallSite.callConstructor(AbstractCallSite.java:235)&#13;&#10;&#9;at org.codehaus.groovy.runtime.callsite.AbstractCallSite.callConstructor(AbstractCallSite.java:247)&#13;&#10;&#9;at io.restassured.internal.ResponseSpecificationImpl$HamcrestAssertionClosure.validate(ResponseSpecificationImpl.groovy:451)&#13;&#10;&#9;at io.restassured.internal.ResponseSpecificationImpl$HamcrestAssertionClosure$validate$1.call(Unknown Source)&#13;&#10;&#9;at io.restassured.internal.ResponseSpecificationImpl.validateResponseIfRequired(ResponseSpecificationImpl.groovy:613)&#13;&#10;&#9;at sun.reflect.NativeMethodAccessorImpl.invoke0(Native Method)&#13;&#10;&#9;at sun.reflect.NativeMethodAccessorImpl.invoke(NativeMethodAccessorImpl.java:62)&#13;&#10;&#9;at sun.reflect.DelegatingMethodAccessorImpl.invoke(DelegatingMethodAccessorImpl.java:43)&#13;&#10;&#9;at java.lang.reflect.Method.invoke(Method.java:498)&#13;&#10;&#9;at org.codehaus.groovy.runtime.callsite.PogoMetaMethodSite$PogoCachedMethodSiteNoUnwrapNoCoerce.invoke(PogoMetaMethodSite.java:210)&#13;&#10;&#9;at org.codehaus.groovy.runtime.callsite.PogoMetaMethodSite.callCurrent(PogoMetaMethodSite.java:59)&#13;&#10;&#9;at org.codehaus.groovy.runtime.callsite.AbstractCallSite.callCurrent(AbstractCallSite.java:166)&#13;&#10;&#9;at io.restassured.internal.ResponseSpecificationImpl.content(ResponseSpecificationImpl.groovy:251)&#13;&#10;&#9;at io.restassured.specification.ResponseSpecification$content$1.callCurrent(Unknown Source)&#13;&#10;&#9;at org.codehaus.groovy.runtime.callsite.CallSiteArray.defaultCallCurrent(CallSiteArray.java:52)&#13;&#10;&#9;at io.restassured.specification.ResponseSpecification$content$1.callCurrent(Unknown Source)&#13;&#10;&#9;at io.restassured.internal.ResponseSpecificationImpl.body(ResponseSpecificationImpl.groovy:234)&#13;&#10;&#9;at io.restassured.internal.ValidatableResponseOptionsImpl.body(ValidatableResponseOptionsImpl.java:268)&#13;&#10;&#9;at stepdefs.BookStepDefinitions.response_contains_in_any_order(BookStepDefinitions.java:71)&#13;&#10;&#9;at ✽.And la respuesta incluye los datos siguientes en cualquier orden(GetBookByISBN.feature:9)&#13;&#10;"><![CDATA[Given el libro tiene el id 8U2oAAAAQBAJ.....................................passed
When un usuario obtiene los datos del libro por el ISBN.....................passed
Then el codigo de estado es 200.............................................passed
And la respuesta tiene los siguientes datos.................................passed
And la respuesta incluye los datos siguientes en cualquier orden............failed

StackTrace:
java.lang.AssertionError: 1 expectation failed.
JSON path items.volumeInfo.title doesn't match.
Expected: iterable over ["Steve Jobs", " El libro de Steve Jobs"] in any order
  Actual: [Steve Jobs, El libro de Steve Jobs]

	at sun.reflect.NativeConstructorAccessorImpl.newInstance0(Native Method)
	at sun.reflect.NativeConstructorAccessorImpl.newInstance(NativeConstructorAccessorImpl.java:62)
	at sun.reflect.DelegatingConstructorAccessorImpl.newInstance(DelegatingConstructorAccessorImpl.java:45)
	at java.lang.reflect.Constructor.newInstance(Constructor.java:423)
	at org.codehaus.groovy.reflection.CachedConstructor.invoke(CachedConstructor.java:83)
	at org.codehaus.groovy.reflection.CachedConstructor.doConstructorInvoke(CachedConstructor.java:77)
	at org.codehaus.groovy.runtime.callsite.ConstructorSite$ConstructorSiteNoUnwrap.callConstructor(ConstructorSite.java:84)
	at org.codehaus.groovy.runtime.callsite.CallSiteArray.defaultCallConstructor(CallSiteArray.java:60)
	at org.codehaus.groovy.runtime.callsite.AbstractCallSite.callConstructor(AbstractCallSite.java:235)
	at org.codehaus.groovy.runtime.callsite.AbstractCallSite.callConstructor(AbstractCallSite.java:247)
	at io.restassured.internal.ResponseSpecificationImpl$HamcrestAssertionClosure.validate(ResponseSpecificationImpl.groovy:451)
	at io.restassured.internal.ResponseSpecificationImpl$HamcrestAssertionClosure$validate$1.call(Unknown Source)
	at io.restassured.internal.ResponseSpecificationImpl.validateResponseIfRequired(ResponseSpecificationImpl.groovy:613)
	at sun.reflect.NativeMethodAccessorImpl.invoke0(Native Method)
	at sun.reflect.NativeMethodAccessorImpl.invoke(NativeMethodAccessorImpl.java:62)
	at sun.reflect.DelegatingMethodAccessorImpl.invoke(DelegatingMethodAccessorImpl.java:43)
	at java.lang.reflect.Method.invoke(Method.java:498)
	at org.codehaus.groovy.runtime.callsite.PogoMetaMethodSite$PogoCachedMethodSiteNoUnwrapNoCoerce.invoke(PogoMetaMethodSite.java:210)
	at org.codehaus.groovy.runtime.callsite.PogoMetaMethodSite.callCurrent(PogoMetaMethodSite.java:59)
	at org.codehaus.groovy.runtime.callsite.AbstractCallSite.callCurrent(AbstractCallSite.java:166)
	at io.restassured.internal.ResponseSpecificationImpl.content(ResponseSpecificationImpl.groovy:251)
	at io.restassured.specification.ResponseSpecification$content$1.callCurrent(Unknown Source)
	at org.codehaus.groovy.runtime.callsite.CallSiteArray.defaultCallCurrent(CallSiteArray.java:52)
	at io.restassured.specification.ResponseSpecification$content$1.callCurrent(Unknown Source)
	at io.restassured.internal.ResponseSpecificationImpl.body(ResponseSpecificationImpl.groovy:234)
	at io.restassured.internal.ValidatableResponseOptionsImpl.body(ValidatableResponseOptionsImpl.java:268)
	at stepdefs.BookStepDefinitions.response_contains_in_any_order(BookStepDefinitions.java:71)
	at ✽.And la respuesta incluye los datos siguientes en cualquier orden(GetBookByISBN.feature:9)
]]></failure>
</testcase>
</testsuite>
