<?xml version="1.0" encoding="UTF-8"?><testsuite failures="0" name="cucumber.runtime.formatter.JUnitFormatter" skipped="0" tests="1" time="2.919056">
<testcase classname="Obtener el ISBN del libro" name="Consultar el web service para obtener los datos de un libro por el ISBN" time="2.919056">
<system-out><![CDATA[Given el libro tiene el id 8U2oAAAAQBAJ.....................................passed
When un usuario obtiene los datos del libro por el ISBN.....................passed
Then el codigo de estado es 200.............................................passed
And la respuesta tiene los siguientes datos.................................passed
And la respuesta incluye los datos siguientes en cualquier orden............passed
]]></system-out>
</testcase>
</testsuite>
