<?xml version="1.0" encoding="UTF-8"?>
<testsuite xmlns:xsi="http://www.w3.org/2001/XMLSchema-instance" xsi:schemaLocation="https://maven.apache.org/surefire/maven-surefire-plugin/xsd/surefire-test-report.xsd" name="options.CucumberTests" time="6.486" tests="6" errors="0" skipped="0" failures="0">
  <properties>
[...]
</properties>
  <testcase name="Given a book exists with an isbn of 9781451648546" classname="Scenario: User calls web service to get a book by its ISBN" time="0.001"/>
  <testcase name="When a user retrieves the book by isbn" classname="Scenario: User calls web service to get a book by its ISBN" time="0"/>
  <testcase name="Then the status code is 200" classname="Scenario: User calls web service to get a book by its ISBN" time="0"/>
  <testcase name="And response includes the following" classname="Scenario: User calls web service to get a book by its ISBN" time="0"/>
  <testcase name="And response includes the following in any order" classname="Scenario: User calls web service to get a book by its ISBN" time="0"/>
  <testcase name="Scenario: User calls web service to get a book by its ISBN" classname="Scenario: User calls web service to get a book by its ISBN" time="0"/>
</testsuite>